Buildfile: /experiment/contiki/tools/cooja/build.xml

init:

compile:

copy configs:

jar_cooja:
      [jar] Building jar: /experiment/contiki/tools/cooja/dist/cooja.jar

jar:

init:

compile:

jar:

init:

mspsim:

init:

compile:

jar:

coffee:

init:

compile:
    [javac] Compiling 8 source files to /experiment/contiki/tools/coffee-manager/build

configs:

jar:
      [jar] Building jar: /experiment/contiki/tools/coffee-manager/coffee.jar
     [copy] Copying 1 file to /experiment/contiki/tools/cooja/apps/mspsim/lib

compile:

copy:

jar:

init:

compile:

jar:

init:

clean:
   [delete] Deleting directory /experiment/contiki/tools/cooja/apps/serial_socket/build

compile:
    [mkdir] Created dir: /experiment/contiki/tools/cooja/apps/serial_socket/build
    [javac] Compiling 2 source files to /experiment/contiki/tools/cooja/apps/serial_socket/build

jar:
      [jar] Building jar: /experiment/contiki/tools/cooja/apps/serial_socket/lib/serial_socket.jar

init:

compile:

jar:

init:

compile:

jar:

init:

clean:
   [delete] Deleting directory /experiment/contiki/tools/cooja/apps/powertracker/build

compile:
    [mkdir] Created dir: /experiment/contiki/tools/cooja/apps/powertracker/build
    [javac] Compiling 1 source file to /experiment/contiki/tools/cooja/apps/powertracker/build

jar:
      [jar] Building jar: /experiment/contiki/tools/cooja/apps/powertracker/lib/powertracker.jar

run_nogui:
     [java]  INFO [main] (Cooja.java:1324) - > Starting Cooja
     [java]  INFO [main] (Cooja.java:2865) - External tools default settings: /external_tools_linux_64.config
     [java]  WARN [main] (Cooja.java:2897) - Error when reading user settings from: /root/.cooja.user.properties
     [java]  INFO [main] (Simulation.java:420) - Simulation random seed: 65432
     [java] ERROR [main] (TerrainLOSMedium.java:694) - Unable to open file './java/org/contikios/cooja/radiomediums/terrain/N37W123.hgt'
     [java] ERROR [main] (TerrainLOSMedium.java:694) - Unable to open file './java/org/contikios/cooja/radiomediums/terrain/N37W123.hgt'
     [java] ERROR [main] (TerrainLOSMedium.java:694) - Unable to open file './java/org/contikios/cooja/radiomediums/terrain/N37W123.hgt'
     [java] ERROR [main] (TerrainLOSMedium.java:694) - Unable to open file './java/org/contikios/cooja/radiomediums/terrain/N37W123.hgt'
     [java] ERROR [main] (TerrainLOSMedium.java:694) - Unable to open file './java/org/contikios/cooja/radiomediums/terrain/N37W123.hgt'
     [java] ERROR [main] (TerrainLOSMedium.java:694) - Unable to open file './java/org/contikios/cooja/radiomediums/terrain/N37W123.hgt'
     [java] ERROR [main] (TerrainLOSMedium.java:694) - Unable to open file './java/org/contikios/cooja/radiomediums/terrain/N37W123.hgt'
     [java] ERROR [main] (TerrainLOSMedium.java:694) - Unable to open file './java/org/contikios/cooja/radiomediums/terrain/N37W123.hgt'
     [java] ERROR [main] (TerrainLOSMedium.java:694) - Unable to open file './java/org/contikios/cooja/radiomediums/terrain/N37W123.hgt'
     [java] ERROR [main] (TerrainLOSMedium.java:694) - Unable to open file './java/org/contikios/cooja/radiomediums/terrain/N37W123.hgt'
     [java] ERROR [main] (TerrainLOSMedium.java:694) - Unable to open file './java/org/contikios/cooja/radiomediums/terrain/N37W123.hgt'
     [java]  INFO [main] (Cooja.java:1790) - Visualized plugin was not started: class org.contikios.cooja.plugins.SimControl
     [java]  INFO [main] (Cooja.java:1790) - Visualized plugin was not started: class org.contikios.cooja.plugins.Visualizer
     [java]  INFO [main] (Cooja.java:1790) - Visualized plugin was not started: class org.contikios.cooja.plugins.LogListener
     [java]  INFO [main] (Cooja.java:1790) - Visualized plugin was not started: class org.contikios.cooja.plugins.TimeLine
     [java]  INFO [main] (Cooja.java:1790) - Visualized plugin was not started: class org.contikios.cooja.plugins.Notes
     [java]  INFO [main] (ScriptRunner.java:429) - Test script deactivated
     [java]  INFO [main] (LogScriptEngine.java:265) - Script timeout in 200000 ms
     [java] FATAL [main] (ScriptRunner.java:396) - Test script error: 
     [java] java.lang.NullPointerException
     [java] 	at org.contikios.cooja.plugins.LogScriptEngine.activateScript(LogScriptEngine.java:268)
     [java] 	at org.contikios.cooja.plugins.ScriptRunner.setScriptActive(ScriptRunner.java:375)
     [java] 	at org.contikios.cooja.plugins.ScriptRunner.setConfigXML(ScriptRunner.java:679)
     [java] 	at org.contikios.cooja.Cooja.setPluginsConfigXML(Cooja.java:3701)
     [java] 	at org.contikios.cooja.Cooja.loadSimulationConfig(Cooja.java:3449)
     [java] 	at org.contikios.cooja.Cooja.loadSimulationConfig(Cooja.java:3370)
     [java] 	at org.contikios.cooja.Cooja.quickStartSimulationConfig(Cooja.java:1339)
     [java] 	at org.contikios.cooja.Cooja.main(Cooja.java:3248)
     [java] FATAL [main] (ScriptRunner.java:681) - Error: null
     [java] java.lang.NullPointerException
     [java] 	at org.contikios.cooja.plugins.LogScriptEngine.deactivateScript(LogScriptEngine.java:207)
     [java] 	at org.contikios.cooja.plugins.ScriptRunner.setScriptActive(ScriptRunner.java:405)
     [java] 	at org.contikios.cooja.plugins.ScriptRunner.setScriptActive(ScriptRunner.java:397)
     [java] 	at org.contikios.cooja.plugins.ScriptRunner.setConfigXML(ScriptRunner.java:679)
     [java] 	at org.contikios.cooja.Cooja.setPluginsConfigXML(Cooja.java:3701)
     [java] 	at org.contikios.cooja.Cooja.loadSimulationConfig(Cooja.java:3449)
     [java] 	at org.contikios.cooja.Cooja.loadSimulationConfig(Cooja.java:3370)
     [java] 	at org.contikios.cooja.Cooja.quickStartSimulationConfig(Cooja.java:1339)
     [java] 	at org.contikios.cooja.Cooja.main(Cooja.java:3248)
     [java]  INFO [Thread-0] (Simulation.java:252) - Simulation main loop started, system time: 1521576868260
